\BOOKMARK [0][-]{chapter.1}{Introducci\363n}{}% 1
\BOOKMARK [1][-]{section.1.1}{\277Qu\351 es una anomal\355a?}{chapter.1}% 2
\BOOKMARK [1][-]{section.1.2}{Aprendizaje no supervisado}{chapter.1}% 3
\BOOKMARK [1][-]{section.1.3}{\277Existe soluci\363n?}{chapter.1}% 4
\BOOKMARK [1][-]{section.1.4}{Motivaci\363n}{chapter.1}% 5
\BOOKMARK [0][-]{chapter.2}{Especificacion de requisitos}{}% 6
\BOOKMARK [1][-]{section.2.1}{Requistos funcionales}{chapter.2}% 7
\BOOKMARK [1][-]{section.2.2}{Objetivos}{chapter.2}% 8
\BOOKMARK [0][-]{chapter.3}{Planificaci\363n}{}% 9
\BOOKMARK [1][-]{section.3.1}{Planificaci\363n temporal}{chapter.3}% 10
\BOOKMARK [1][-]{section.3.2}{Material necesario}{chapter.3}% 11
\BOOKMARK [0][-]{chapter.4}{An\341lisis de algoritmos}{}% 12
\BOOKMARK [1][-]{section.4.1}{Introducci\363n}{chapter.4}% 13
\BOOKMARK [1][-]{section.4.2}{M\351todos basados en clustering}{chapter.4}% 14
\BOOKMARK [1][-]{section.4.3}{M\351todos basados en distancias}{chapter.4}% 15
\BOOKMARK [2][-]{subsection.4.3.1}{M\351todos basados en distancias para puntuaci\363n}{section.4.3}% 16
\BOOKMARK [2][-]{subsection.4.3.2}{M\351todos basados en distancias para etiquetas binarias}{section.4.3}% 17
\BOOKMARK [2][-]{subsection.4.3.3}{Ventajas y desventajas}{section.4.3}% 18
\BOOKMARK [1][-]{section.4.4}{M\351todos basados en densidad}{chapter.4}% 19
\BOOKMARK [0][-]{chapter.5}{Dise\361o}{}% 20
\BOOKMARK [0][-]{chapter.6}{Implementaci\363n}{}% 21
\BOOKMARK [1][-]{section.6.1}{LOF}{chapter.6}% 22
\BOOKMARK [1][-]{section.6.2}{LOOP}{chapter.6}% 23
\BOOKMARK [1][-]{section.6.3}{LDOF}{chapter.6}% 24
\BOOKMARK [1][-]{section.6.4}{PINN-LOF}{chapter.6}% 25
\BOOKMARK [1][-]{section.6.5}{OUTRES}{chapter.6}% 26
\BOOKMARK [1][-]{section.6.6}{ODIN}{chapter.6}% 27
\BOOKMARK [1][-]{section.6.7}{MeanDIST y KDIST}{chapter.6}% 28
\BOOKMARK [0][-]{chapter.7}{An\341lisis experimental}{}% 29
\BOOKMARK [1][-]{section.7.1}{Pruebas de comportamiento}{chapter.7}% 30
\BOOKMARK [1][-]{section.7.2}{Estudio experimental para problemas con alto desequilibrio}{chapter.7}% 31
\BOOKMARK [0][-]{chapter.8}{Conclusiones y trabajo futuro}{}% 32
\BOOKMARK [1][-]{section.8.1}{\(}{chapter.8}% 33
\BOOKMARK [1][-]{section.8.2}{Trabajo futuro}{chapter.8}% 34
\BOOKMARK [0][-]{section.8.2}{Bibliograf\355a}{}% 35
\BOOKMARK [0][-]{chapter.9}{Ap\351ndice}{}% 36
\BOOKMARK [0][-]{chapter.9}{Manual PyDBOD}{}% 37
